2016-02-18 17:22:44,031 [myid:] - INFO  [main:QuorumPeerConfig@103] - Reading configuration from: /usr/local/zookeeper/bin/../conf/zoo.cfg
2016-02-18 17:22:44,059 [myid:] - INFO  [main:DatadirCleanupManager@78] - autopurge.snapRetainCount set to 3
2016-02-18 17:22:44,059 [myid:] - INFO  [main:DatadirCleanupManager@79] - autopurge.purgeInterval set to 0
2016-02-18 17:22:44,060 [myid:] - INFO  [main:DatadirCleanupManager@101] - Purge task is not scheduled.
2016-02-18 17:22:44,061 [myid:] - WARN  [main:QuorumPeerMain@113] - Either no config or no quorum defined in config, running  in standalone mode
2016-02-18 17:22:44,111 [myid:] - INFO  [main:QuorumPeerConfig@103] - Reading configuration from: /usr/local/zookeeper/bin/../conf/zoo.cfg
2016-02-18 17:22:44,112 [myid:] - INFO  [main:ZooKeeperServerMain@95] - Starting server
2016-02-18 17:22:44,148 [myid:] - INFO  [main:Environment@100] - Server environment:zookeeper.version=3.4.6-1569965, built on 02/20/2014 09:09 GMT
2016-02-18 17:22:44,148 [myid:] - INFO  [main:Environment@100] - Server environment:host.name=TuxieDev
2016-02-18 17:22:44,148 [myid:] - INFO  [main:Environment@100] - Server environment:java.version=1.8.0_72
2016-02-18 17:22:44,148 [myid:] - INFO  [main:Environment@100] - Server environment:java.vendor=Oracle Corporation
2016-02-18 17:22:44,149 [myid:] - INFO  [main:Environment@100] - Server environment:java.home=/usr/lib/jvm/java-8-oracle/jre
2016-02-18 17:22:44,149 [myid:] - INFO  [main:Environment@100] - Server environment:java.class.path=/usr/local/zookeeper/bin/../build/classes:/usr/local/zookeeper/bin/../build/lib/*.jar:/usr/local/zookeeper/bin/../lib/slf4j-log4j12-1.6.1.jar:/usr/local/zookeeper/bin/../lib/slf4j-api-1.6.1.jar:/usr/local/zookeeper/bin/../lib/netty-3.7.0.Final.jar:/usr/local/zookeeper/bin/../lib/log4j-1.2.16.jar:/usr/local/zookeeper/bin/../lib/jline-0.9.94.jar:/usr/local/zookeeper/bin/../zookeeper-3.4.6.jar:/usr/local/zookeeper/bin/../src/java/lib/*.jar:/usr/local/zookeeper/bin/../conf:
2016-02-18 17:22:44,149 [myid:] - INFO  [main:Environment@100] - Server environment:java.library.path=/usr/java/packages/lib/amd64:/usr/lib64:/lib64:/lib:/usr/lib
2016-02-18 17:22:44,149 [myid:] - INFO  [main:Environment@100] - Server environment:java.io.tmpdir=/tmp
2016-02-18 17:22:44,149 [myid:] - INFO  [main:Environment@100] - Server environment:java.compiler=<NA>
2016-02-18 17:22:44,151 [myid:] - INFO  [main:Environment@100] - Server environment:os.name=Linux
2016-02-18 17:22:44,151 [myid:] - INFO  [main:Environment@100] - Server environment:os.arch=amd64
2016-02-18 17:22:44,152 [myid:] - INFO  [main:Environment@100] - Server environment:os.version=4.2.0-27-generic
2016-02-18 17:22:44,152 [myid:] - INFO  [main:Environment@100] - Server environment:user.name=anish
2016-02-18 17:22:44,152 [myid:] - INFO  [main:Environment@100] - Server environment:user.home=/home/anish
2016-02-18 17:22:44,152 [myid:] - INFO  [main:Environment@100] - Server environment:user.dir=/home/anish/cluster
2016-02-18 17:22:44,177 [myid:] - INFO  [main:ZooKeeperServer@755] - tickTime set to 2000
2016-02-18 17:22:44,178 [myid:] - INFO  [main:ZooKeeperServer@764] - minSessionTimeout set to -1
2016-02-18 17:22:44,178 [myid:] - INFO  [main:ZooKeeperServer@773] - maxSessionTimeout set to -1
2016-02-18 17:22:44,244 [myid:] - INFO  [main:NIOServerCnxnFactory@94] - binding to port 0.0.0.0/0.0.0.0:2181
2016-02-18 17:22:44,246 [myid:] - ERROR [main:ZooKeeperServerMain@63] - Unexpected exception, exiting abnormally
java.net.BindException: Address already in use
	at sun.nio.ch.Net.bind0(Native Method)
	at sun.nio.ch.Net.bind(Net.java:433)
	at sun.nio.ch.Net.bind(Net.java:425)
	at sun.nio.ch.ServerSocketChannelImpl.bind(ServerSocketChannelImpl.java:223)
	at sun.nio.ch.ServerSocketAdaptor.bind(ServerSocketAdaptor.java:74)
	at sun.nio.ch.ServerSocketAdaptor.bind(ServerSocketAdaptor.java:67)
	at org.apache.zookeeper.server.NIOServerCnxnFactory.configure(NIOServerCnxnFactory.java:95)
	at org.apache.zookeeper.server.ZooKeeperServerMain.runFromConfig(ZooKeeperServerMain.java:111)
	at org.apache.zookeeper.server.ZooKeeperServerMain.initializeAndRun(ZooKeeperServerMain.java:86)
	at org.apache.zookeeper.server.ZooKeeperServerMain.main(ZooKeeperServerMain.java:52)
	at org.apache.zookeeper.server.quorum.QuorumPeerMain.initializeAndRun(QuorumPeerMain.java:116)
	at org.apache.zookeeper.server.quorum.QuorumPeerMain.main(QuorumPeerMain.java:78)
